<?xml version="1.0" encoding="UTF-8"?>
<testsuite xmlns:xsi="http://www.w3.org/2001/XMLSchema-instance" xsi:noNamespaceSchemaLocation="https://maven.apache.org/surefire/maven-surefire-plugin/xsd/surefire-test-report.xsd" name="StepDefinitions.TestRunner" time="0.99" tests="6" errors="3" skipped="0" failures="0">
  <properties>
[...]
</properties>
  <testcase name="Check name is updated in name textbox #1" classname="Feature to test name is updated when entering #1" time="0.256"/>
  <testcase name="Check name is updated in name textbox #2" classname="Feature to test name is updated when entering #1" time="0.022"/>
  <testcase name="Check name is updated in name textbox #3" classname="Feature to test name is updated when entering #1" time="0.023"/>
  <testcase name="Check name is updated in name textbox #1" classname="Feature to test name is updated when entering #2" time="0.008">
    <error message="/ by zero" type="java.lang.ArithmeticException">java.lang.ArithmeticException: / by zero
</error>
    <system-out><![CDATA[Initializing chrome driver before test
Quiting chrome driver after test
]]></system-out>
  </testcase>
  <testcase name="Check name is updated in name textbox #2" classname="Feature to test name is updated when entering #2" time="0.021">
    <error message="/ by zero" type="java.lang.ArithmeticException">java.lang.ArithmeticException: / by zero
</error>
    <system-out><![CDATA[Initializing chrome driver before test
Quiting chrome driver after test
]]></system-out>
  </testcase>
  <testcase name="Check name is updated in name textbox #3" classname="Feature to test name is updated when entering #2" time="0.006">
    <error message="/ by zero" type="java.lang.ArithmeticException">java.lang.ArithmeticException: / by zero
</error>
    <system-out><![CDATA[Initializing chrome driver before test
Quiting chrome driver after test
]]></system-out>
  </testcase>
</testsuite>